<?xml version="1.0" encoding="UTF-8"?>
<!-- Generated by org.testng.reporters.JUnitReportReporter -->
<testsuite hostname="VISHAL" failures="0" tests="1" name="com.GeneralStore.General_Store.Ecommerce_tc05" time="69.684" errors="0" timestamp="2021-04-17T17:24:40 IST" skipped="0">
  <testcase classname="com.GeneralStore.General_Store.Ecommerce_tc05" name="totalProducts" time="69.684"/>
  <system-out/>
</testsuite> <!-- com.GeneralStore.General_Store.Ecommerce_tc05 -->
