<?xml version="1.0" encoding="UTF-8"?>
<!-- Generated by org.testng.reporters.JUnitReportReporter -->
<testsuite ignored="0" hostname="VISHAL" failures="0" tests="1" name="com.GeneralStore.General_Store.Ecommerce_tc05" time="46.105" errors="0" timestamp="17 Apr 2021 11:56:14 GMT" skipped="0">
  <testcase classname="com.GeneralStore.General_Store.Ecommerce_tc05" name="totalProducts" time="46.105"/>
</testsuite> <!-- com.GeneralStore.General_Store.Ecommerce_tc05 -->
